<?xml version="1.0" encoding="UTF-8"?>
<!-- Generated by org.testng.reporters.JUnitReportReporter -->
<testsuite hostname="MAA15-CG1288LYS" failures="0" tests="1" name="seleniumInterviewsPreparationSection.TestNGInterviewPractice1" time="2.037" errors="0" timestamp="31 Aug 2024 13:12:16 GMT" skipped="0">
  <testcase classname="seleniumInterviewsPreparationSection.TestNGInterviewPractice1" name="test" time="2.037"/>
</testsuite> <!-- seleniumInterviewsPreparationSection.TestNGInterviewPractice1 -->
